0 info it worked if it ends with ok
1 verbose cli [ 'C:\\Program Files\\nodejs\\\\node.exe',
1 verbose cli   'C:\\Program Files\\nodejs\\node_modules\\npm\\bin\\npm-cli.js',
1 verbose cli   'install',
1 verbose cli   'material-ui-icons',
1 verbose cli   '--save-dev' ]
2 info using npm@2.10.1
3 info using node@v0.12.4
4 verbose install initial load of D:\react projects\trackMe\package.json
5 warn package.json trackMe@1.0.0 No description
6 warn package.json trackMe@1.0.0 No repository field.
7 warn package.json trackMe@1.0.0 No README data
8 verbose installManyTop reading scoped package data from D:\react projects\trackMe\node_modules\del\package.json
9 verbose installManyTop reading scoped package data from D:\react projects\trackMe\node_modules\firebase\package.json
10 verbose installManyTop reading scoped package data from D:\react projects\trackMe\node_modules\gulp\package.json
11 verbose installManyTop reading scoped package data from D:\react projects\trackMe\node_modules\gulp-browserify\package.json
12 verbose installManyTop reading scoped package data from D:\react projects\trackMe\node_modules\gulp-concat\package.json
13 verbose installManyTop reading scoped package data from D:\react projects\trackMe\node_modules\gulp-connect\package.json
14 verbose installManyTop reading scoped package data from D:\react projects\trackMe\node_modules\gulp-open\package.json
15 verbose installManyTop reading scoped package data from D:\react projects\trackMe\node_modules\gulp-react\package.json
16 verbose installManyTop reading scoped package data from D:\react projects\trackMe\node_modules\gulp-util\package.json
17 verbose installManyTop reading scoped package data from D:\react projects\trackMe\node_modules\lodash\package.json
18 verbose installManyTop reading scoped package data from D:\react projects\trackMe\node_modules\material-ui\package.json
19 verbose installManyTop reading scoped package data from D:\react projects\trackMe\node_modules\react\package.json
20 verbose installManyTop reading scoped package data from D:\react projects\trackMe\node_modules\react-bootstrap\package.json
21 verbose installManyTop reading scoped package data from D:\react projects\trackMe\node_modules\react-router\package.json
22 verbose installManyTop reading scoped package data from D:\react projects\trackMe\node_modules\react-tap-event-plugin\package.json
23 verbose installManyTop reading scoped package data from D:\react projects\trackMe\node_modules\reactify\package.json
24 info package.json firebase@2.2.9 No license field.
25 info package.json react-tap-event-plugin@0.1.7 No license field.
26 verbose readDependencies loading dependencies from D:\react projects\trackMe\package.json
27 silly cache add args [ 'material-ui-icons', null ]
28 verbose cache add spec material-ui-icons
29 silly cache add parsed spec { raw: 'material-ui-icons',
29 silly cache add   scope: null,
29 silly cache add   name: 'material-ui-icons',
29 silly cache add   rawSpec: '',
29 silly cache add   spec: '*',
29 silly cache add   type: 'range' }
30 silly addNamed material-ui-icons@*
31 verbose addNamed "*" is a valid semver range for material-ui-icons
32 silly addNameRange { name: 'material-ui-icons', range: '*', hasData: false }
33 silly mapToRegistry name material-ui-icons
34 silly mapToRegistry using default registry
35 silly mapToRegistry registry https://registry.npmjs.org/
36 silly mapToRegistry uri https://registry.npmjs.org/material-ui-icons
37 verbose addNameRange registry:https://registry.npmjs.org/material-ui-icons not in flight; fetching
38 verbose request uri https://registry.npmjs.org/material-ui-icons
39 verbose request no auth needed
40 info attempt registry request try #1 at 7:13:14 AM
41 verbose request id ef8c2f2302c49627
42 http request GET https://registry.npmjs.org/material-ui-icons
43 http 404 https://registry.npmjs.org/material-ui-icons
44 verbose headers { server: 'CouchDB/1.5.0 (Erlang OTP/R16B03)',
44 verbose headers   etag: '"B0MUQ3T5DKGW1DKDLGTR9ZSZQ"',
44 verbose headers   'content-type': 'application/json',
44 verbose headers   'cache-control': 'max-age=0',
44 verbose headers   'content-length': '500',
44 verbose headers   'accept-ranges': 'bytes',
44 verbose headers   date: 'Wed, 19 Aug 2015 01:43:15 GMT',
44 verbose headers   via: '1.1 varnish',
44 verbose headers   age: '0',
44 verbose headers   connection: 'keep-alive',
44 verbose headers   'x-served-by': 'cache-sin6924-SIN',
44 verbose headers   'x-cache': 'MISS',
44 verbose headers   'x-cache-hits': '0',
44 verbose headers   'x-timer': 'S1439948595.241692,VS0,VE227',
44 verbose headers   vary: 'Accept' }
45 silly get cb [ 404,
45 silly get   { server: 'CouchDB/1.5.0 (Erlang OTP/R16B03)',
45 silly get     etag: '"B0MUQ3T5DKGW1DKDLGTR9ZSZQ"',
45 silly get     'content-type': 'application/json',
45 silly get     'cache-control': 'max-age=0',
45 silly get     'content-length': '500',
45 silly get     'accept-ranges': 'bytes',
45 silly get     date: 'Wed, 19 Aug 2015 01:43:15 GMT',
45 silly get     via: '1.1 varnish',
45 silly get     age: '0',
45 silly get     connection: 'keep-alive',
45 silly get     'x-served-by': 'cache-sin6924-SIN',
45 silly get     'x-cache': 'MISS',
45 silly get     'x-cache-hits': '0',
45 silly get     'x-timer': 'S1439948595.241692,VS0,VE227',
45 silly get     vary: 'Accept' } ]
46 verbose stack Error: Registry returned 404 for GET on https://registry.npmjs.org/material-ui-icons
46 verbose stack     at CachingRegistryClient.<anonymous> (C:\Program Files\nodejs\node_modules\npm\node_modules\npm-registry-client\lib\request.js:239:14)
46 verbose stack     at Request._callback (C:\Program Files\nodejs\node_modules\npm\node_modules\npm-registry-client\lib\request.js:170:14)
46 verbose stack     at Request.self.callback (C:\Program Files\nodejs\node_modules\npm\node_modules\request\request.js:368:22)
46 verbose stack     at Request.emit (events.js:110:17)
46 verbose stack     at Request.<anonymous> (C:\Program Files\nodejs\node_modules\npm\node_modules\request\request.js:1219:14)
46 verbose stack     at Request.emit (events.js:129:20)
46 verbose stack     at IncomingMessage.<anonymous> (C:\Program Files\nodejs\node_modules\npm\node_modules\request\request.js:1167:12)
46 verbose stack     at IncomingMessage.emit (events.js:129:20)
46 verbose stack     at _stream_readable.js:908:16
46 verbose stack     at process._tickCallback (node.js:355:11)
47 verbose statusCode 404
48 verbose pkgid material-ui-icons
49 verbose cwd D:\react projects\trackMe
50 error Windows_NT 6.3.9600
51 error argv "C:\\Program Files\\nodejs\\\\node.exe" "C:\\Program Files\\nodejs\\node_modules\\npm\\bin\\npm-cli.js" "install" "material-ui-icons" "--save-dev"
52 error node v0.12.4
53 error npm  v2.10.1
54 error code E404
55 error 404 Registry returned 404 for GET on https://registry.npmjs.org/material-ui-icons
55 error 404
55 error 404 'material-ui-icons' is not in the npm registry.
55 error 404 You should bug the author to publish it (or use the name yourself!)
55 error 404 It was specified as a dependency of 'trackMe'
55 error 404
55 error 404 Note that you can also install from a
55 error 404 tarball, folder, http url, or git url.
56 verbose exit [ 1, true ]
